2011-04-20 13:36:28 Notice: Notice (8): Undefined property: UploadsController::$Post in [/Applications/MAMP/htdocs/itcrowd/controllers/uploads_controller.php, line 22]
2011-04-20 14:01:15 Notice: Notice (8): Undefined index: fileToUpload in [/Applications/MAMP/htdocs/itcrowd/controllers/uploads_controller.php, line 25]
2011-04-20 14:01:37 Notice: Notice (8): Undefined index: fileToUpload in [/Applications/MAMP/htdocs/itcrowd/controllers/uploads_controller.php, line 25]
2011-04-20 19:26:11 Notice: Notice (8): Undefined property: UploaderComponent::$Session in [/Applications/MAMP/htdocs/itcrowd/controllers/components/uploader.php, line 13]
2011-04-28 16:10:14 Notice: Notice (8): Undefined index: Upload in [/Applications/MAMP/htdocs/itcrowd/controllers/uploadcomments_controller.php, line 23]
2011-04-28 17:10:28 Notice: Notice (8): Undefined variable: uploadcomment in [/Applications/MAMP/htdocs/itcrowd/views/uploads/view.ctp, line 112]
2011-04-28 17:10:28 Notice: Notice (8): Trying to get property of non-object in [/Applications/MAMP/htdocs/itcrowd/views/uploads/view.ctp, line 112]
2011-04-28 17:10:35 Notice: Notice (8): Undefined variable: uploadcomment in [/Applications/MAMP/htdocs/itcrowd/views/uploads/view.ctp, line 112]
2011-04-28 17:10:35 Notice: Notice (8): Trying to get property of non-object in [/Applications/MAMP/htdocs/itcrowd/views/uploads/view.ctp, line 112]
2011-04-28 22:58:56 Notice: Notice (8): Undefined property: View::$Object in [/Applications/MAMP/htdocs/itcrowd/views/uploads/view.ctp, line 110]
2011-04-28 22:59:09 Notice: Notice (8): Undefined property: View::$Base in [/Applications/MAMP/htdocs/itcrowd/views/uploads/view.ctp, line 110]
2011-04-28 22:59:35 Notice: Notice (8): Undefined property: View::$View in [/Applications/MAMP/htdocs/itcrowd/views/uploads/view.ctp, line 110]
2011-04-28 22:59:50 Notice: Notice (8): Undefined property: View::$Uploads in [/Applications/MAMP/htdocs/itcrowd/views/uploads/view.ctp, line 110]
2011-04-28 22:59:53 Notice: Notice (8): Undefined property: View::$Upload in [/Applications/MAMP/htdocs/itcrowd/views/uploads/view.ctp, line 110]
2011-04-28 23:00:12 Notice: Notice (8): Use of undefined constant Form - assumed 'Form' in [/Applications/MAMP/htdocs/itcrowd/views/uploads/view.ctp, line 110]
2011-04-28 23:00:12 Notice: Notice (8): Object of class View could not be converted to int in [/Applications/MAMP/htdocs/itcrowd/views/uploads/view.ctp, line 110]
2011-04-28 23:07:50 Notice: Notice (8): Undefined index: id in [/Applications/MAMP/htdocs/itcrowd/views/uploads/view.ctp, line 113]
2011-04-28 23:08:44 Notice: Notice (8): Undefined index: id in [/Applications/MAMP/htdocs/itcrowd/views/uploads/view.ctp, line 113]
2011-04-28 23:09:40 Notice: Notice (8): Undefined index: id in [/Applications/MAMP/htdocs/itcrowd/views/uploads/view.ctp, line 113]
2011-04-29 14:22:58 Notice: Notice (8): Use of undefined constant php - assumed 'php' in [/Applications/MAMP/htdocs/itcrowd/views/layouts/default.ctp, line 26]
2011-04-29 14:23:48 Notice: Notice (8): Use of undefined constant php - assumed 'php' in [/Applications/MAMP/htdocs/itcrowd/views/layouts/default.ctp, line 46]
2011-04-29 14:33:54 Notice: Notice (8): Undefined variable: header in [/Applications/MAMP/htdocs/itcrowd/views/uploads/view.ctp, line 4]
2011-04-29 14:52:07 Notice: Notice (8): Undefined property: View::$Paginator in [/Applications/MAMP/htdocs/itcrowd/views/pages/index.ctp, line 5]
2011-04-29 14:53:45 Notice: Notice (8): Undefined variable: uploads in [/Applications/MAMP/htdocs/itcrowd/views/pages/index.ctp, line 14]
2011-04-29 14:53:45 Notice: Notice (8): Undefined index: count in [/Applications/MAMP/htdocs/basic/cake/libs/view/helpers/paginator.php, line 543]
2011-04-29 14:53:45 Notice: Notice (8): Undefined index: options in [/Applications/MAMP/htdocs/basic/cake/libs/view/helpers/paginator.php, line 546]
2011-04-29 14:53:45 Notice: Notice (8): Undefined index: count in [/Applications/MAMP/htdocs/basic/cake/libs/view/helpers/paginator.php, line 547]
2011-04-29 14:53:45 Notice: Notice (8): Undefined index: count in [/Applications/MAMP/htdocs/basic/cake/libs/view/helpers/paginator.php, line 548]
2011-04-29 14:53:45 Notice: Notice (8): Undefined index: page in [/Applications/MAMP/htdocs/basic/cake/libs/view/helpers/paginator.php, line 564]
2011-04-29 14:53:45 Notice: Notice (8): Undefined index: current in [/Applications/MAMP/htdocs/basic/cake/libs/view/helpers/paginator.php, line 566]
2011-04-29 14:53:45 Notice: Notice (8): Undefined index: count in [/Applications/MAMP/htdocs/basic/cake/libs/view/helpers/paginator.php, line 567]
2011-04-29 14:53:45 Notice: Notice (8): Undefined index: pageCount in [/Applications/MAMP/htdocs/basic/cake/libs/view/helpers/paginator.php, line 619]
2011-04-29 15:45:32 Notice: Notice (8): Undefined property: View::$Paginator in [/Applications/MAMP/htdocs/itcrowd/views/uploads/search.ctp, line 5]
2011-04-29 15:48:01 Notice: Notice (8): Undefined property: View::$Paginator in [/Applications/MAMP/htdocs/itcrowd/views/uploads/search.ctp, line 5]
2011-04-29 15:48:33 Notice: Notice (8): Undefined variable: uploads in [/Applications/MAMP/htdocs/itcrowd/views/uploads/search.ctp, line 14]
2011-04-29 16:50:46 Notice: Notice (8): Undefined property: View::$Paginator in [/Applications/MAMP/htdocs/itcrowd/views/uploads/search.ctp, line 5]
2011-04-29 16:51:00 Notice: Notice (8): Undefined property: View::$Paginator in [/Applications/MAMP/htdocs/itcrowd/views/uploads/search.ctp, line 5]
2011-04-29 17:13:25 Notice: Notice (8): Undefined index: Upload in [/Applications/MAMP/htdocs/itcrowd/views/uploads/search.ctp, line 21]
2011-04-29 17:13:25 Notice: Notice (8): Undefined index: Upload in [/Applications/MAMP/htdocs/itcrowd/views/uploads/search.ctp, line 22]
2011-04-29 17:13:25 Notice: Notice (8): Undefined index: Upload in [/Applications/MAMP/htdocs/itcrowd/views/uploads/search.ctp, line 23]
2011-04-29 17:13:25 Notice: Notice (8): Undefined index: Upload in [/Applications/MAMP/htdocs/itcrowd/views/uploads/search.ctp, line 24]
2011-04-29 17:13:25 Notice: Notice (8): Undefined index: Upload in [/Applications/MAMP/htdocs/itcrowd/views/uploads/search.ctp, line 25]
2011-04-29 17:13:25 Notice: Notice (8): Undefined index: Upload in [/Applications/MAMP/htdocs/itcrowd/views/uploads/search.ctp, line 27]
2011-04-29 17:13:25 Notice: Notice (8): Undefined index: Upload in [/Applications/MAMP/htdocs/itcrowd/views/uploads/search.ctp, line 28]
2011-04-29 17:13:25 Notice: Notice (8): Undefined index: Upload in [/Applications/MAMP/htdocs/itcrowd/views/uploads/search.ctp, line 29]
2011-04-29 17:13:44 Notice: Notice (8): Undefined index: Upload in [/Applications/MAMP/htdocs/itcrowd/views/uploads/search.ctp, line 21]
2011-04-29 17:13:44 Notice: Notice (8): Undefined index: Upload in [/Applications/MAMP/htdocs/itcrowd/views/uploads/search.ctp, line 22]
2011-04-29 17:13:44 Notice: Notice (8): Undefined index: Upload in [/Applications/MAMP/htdocs/itcrowd/views/uploads/search.ctp, line 23]
2011-04-29 17:13:44 Notice: Notice (8): Undefined index: Upload in [/Applications/MAMP/htdocs/itcrowd/views/uploads/search.ctp, line 24]
2011-04-29 17:13:44 Notice: Notice (8): Undefined index: Upload in [/Applications/MAMP/htdocs/itcrowd/views/uploads/search.ctp, line 25]
2011-04-29 17:13:44 Notice: Notice (8): Undefined index: Upload in [/Applications/MAMP/htdocs/itcrowd/views/uploads/search.ctp, line 27]
2011-04-29 17:13:44 Notice: Notice (8): Undefined index: Upload in [/Applications/MAMP/htdocs/itcrowd/views/uploads/search.ctp, line 28]
2011-04-29 17:13:44 Notice: Notice (8): Undefined index: Upload in [/Applications/MAMP/htdocs/itcrowd/views/uploads/search.ctp, line 29]
2011-04-29 17:13:51 Notice: Notice (8): Undefined index: Upload in [/Applications/MAMP/htdocs/itcrowd/views/uploads/search.ctp, line 21]
2011-04-29 17:13:51 Notice: Notice (8): Undefined index: Upload in [/Applications/MAMP/htdocs/itcrowd/views/uploads/search.ctp, line 22]
2011-04-29 17:13:51 Notice: Notice (8): Undefined index: Upload in [/Applications/MAMP/htdocs/itcrowd/views/uploads/search.ctp, line 23]
2011-04-29 17:13:51 Notice: Notice (8): Undefined index: Upload in [/Applications/MAMP/htdocs/itcrowd/views/uploads/search.ctp, line 24]
2011-04-29 17:13:51 Notice: Notice (8): Undefined index: Upload in [/Applications/MAMP/htdocs/itcrowd/views/uploads/search.ctp, line 25]
2011-04-29 17:13:51 Notice: Notice (8): Undefined index: Upload in [/Applications/MAMP/htdocs/itcrowd/views/uploads/search.ctp, line 27]
2011-04-29 17:13:51 Notice: Notice (8): Undefined index: Upload in [/Applications/MAMP/htdocs/itcrowd/views/uploads/search.ctp, line 28]
2011-04-29 17:13:51 Notice: Notice (8): Undefined index: Upload in [/Applications/MAMP/htdocs/itcrowd/views/uploads/search.ctp, line 29]
2011-04-29 17:15:22 Notice: Notice (8): Undefined property: View::$Paginator in [/Applications/MAMP/htdocs/itcrowd/views/uploads/search.ctp, line 5]
2011-04-29 17:28:20 Notice: Notice (8): Undefined variable: uploads in [/Applications/MAMP/htdocs/itcrowd/views/uploads/search.ctp, line 14]
2011-04-29 17:33:08 Notice: Notice (8): Undefined property: View::$Paginator in [/Applications/MAMP/htdocs/itcrowd/views/uploads/search.ctp, line 5]
2011-04-29 17:34:09 Notice: Notice (8): Array to string conversion in [/Applications/MAMP/htdocs/basic/cake/libs/model/datasources/dbo_source.php, line 2204]
2011-04-29 17:34:55 Notice: Notice (8): Array to string conversion in [/Applications/MAMP/htdocs/basic/cake/libs/model/datasources/dbo_source.php, line 2204]
2011-04-29 17:34:55 Notice: Notice (8): Undefined index: Upload in [/Applications/MAMP/htdocs/itcrowd/views/uploads/search.ctp, line 21]
2011-04-29 17:34:55 Notice: Notice (8): Undefined index: Upload in [/Applications/MAMP/htdocs/itcrowd/views/uploads/search.ctp, line 22]
2011-04-29 17:34:55 Notice: Notice (8): Undefined index: Upload in [/Applications/MAMP/htdocs/itcrowd/views/uploads/search.ctp, line 23]
2011-04-29 17:34:55 Notice: Notice (8): Undefined index: Upload in [/Applications/MAMP/htdocs/itcrowd/views/uploads/search.ctp, line 24]
2011-04-29 17:34:55 Notice: Notice (8): Undefined index: Upload in [/Applications/MAMP/htdocs/itcrowd/views/uploads/search.ctp, line 25]
2011-04-29 17:34:55 Notice: Notice (8): Undefined index: Upload in [/Applications/MAMP/htdocs/itcrowd/views/uploads/search.ctp, line 27]
2011-04-29 17:34:55 Notice: Notice (8): Undefined index: Upload in [/Applications/MAMP/htdocs/itcrowd/views/uploads/search.ctp, line 28]
2011-04-29 17:34:55 Notice: Notice (8): Undefined index: Upload in [/Applications/MAMP/htdocs/itcrowd/views/uploads/search.ctp, line 29]
2011-04-29 17:35:00 Notice: Notice (8): Array to string conversion in [/Applications/MAMP/htdocs/basic/cake/libs/model/datasources/dbo_source.php, line 2204]
2011-04-29 17:36:29 Notice: Notice (8): Undefined index: Upload in [/Applications/MAMP/htdocs/itcrowd/views/uploads/search.ctp, line 21]
2011-04-29 17:36:29 Notice: Notice (8): Undefined index: Upload in [/Applications/MAMP/htdocs/itcrowd/views/uploads/search.ctp, line 22]
2011-04-29 17:36:29 Notice: Notice (8): Undefined index: Upload in [/Applications/MAMP/htdocs/itcrowd/views/uploads/search.ctp, line 23]
2011-04-29 17:36:29 Notice: Notice (8): Undefined index: Upload in [/Applications/MAMP/htdocs/itcrowd/views/uploads/search.ctp, line 24]
2011-04-29 17:36:29 Notice: Notice (8): Undefined index: Upload in [/Applications/MAMP/htdocs/itcrowd/views/uploads/search.ctp, line 25]
2011-04-29 17:36:29 Notice: Notice (8): Undefined index: Upload in [/Applications/MAMP/htdocs/itcrowd/views/uploads/search.ctp, line 27]
2011-04-29 17:36:29 Notice: Notice (8): Undefined index: Upload in [/Applications/MAMP/htdocs/itcrowd/views/uploads/search.ctp, line 28]
2011-04-29 17:36:29 Notice: Notice (8): Undefined index: Upload in [/Applications/MAMP/htdocs/itcrowd/views/uploads/search.ctp, line 29]
2011-04-29 17:44:48 Notice: Notice (8): Undefined index: Upload in [/Applications/MAMP/htdocs/itcrowd/views/uploads/search.ctp, line 21]
2011-04-29 17:44:48 Notice: Notice (8): Undefined index: Upload in [/Applications/MAMP/htdocs/itcrowd/views/uploads/search.ctp, line 22]
2011-04-29 17:44:48 Notice: Notice (8): Undefined index: Upload in [/Applications/MAMP/htdocs/itcrowd/views/uploads/search.ctp, line 23]
2011-04-29 17:44:48 Notice: Notice (8): Undefined index: Upload in [/Applications/MAMP/htdocs/itcrowd/views/uploads/search.ctp, line 24]
2011-04-29 17:44:48 Notice: Notice (8): Undefined index: Upload in [/Applications/MAMP/htdocs/itcrowd/views/uploads/search.ctp, line 25]
2011-04-29 17:44:48 Notice: Notice (8): Undefined index: Upload in [/Applications/MAMP/htdocs/itcrowd/views/uploads/search.ctp, line 27]
2011-04-29 17:44:48 Notice: Notice (8): Undefined index: Upload in [/Applications/MAMP/htdocs/itcrowd/views/uploads/search.ctp, line 28]
2011-04-29 17:44:48 Notice: Notice (8): Undefined index: Upload in [/Applications/MAMP/htdocs/itcrowd/views/uploads/search.ctp, line 29]
2011-04-29 17:46:09 Notice: Notice (8): Use of undefined constant i - assumed 'i' in [/Applications/MAMP/htdocs/itcrowd/views/uploads/search.ctp, line 14]
2011-04-29 17:51:44 Notice: Notice (8): Undefined variable: uploads in [/Applications/MAMP/htdocs/itcrowd/views/uploads/search.ctp, line 14]
2011-04-29 17:53:39 Notice: Notice (8): Undefined index: Upload in [/Applications/MAMP/htdocs/itcrowd/views/uploads/search.ctp, line 22]
2011-04-29 17:53:39 Notice: Notice (8): Undefined index: Upload in [/Applications/MAMP/htdocs/itcrowd/views/uploads/search.ctp, line 23]
2011-04-29 17:53:39 Notice: Notice (8): Undefined index: Upload in [/Applications/MAMP/htdocs/itcrowd/views/uploads/search.ctp, line 24]
2011-04-29 17:53:39 Notice: Notice (8): Undefined index: Upload in [/Applications/MAMP/htdocs/itcrowd/views/uploads/search.ctp, line 25]
2011-04-29 17:53:39 Notice: Notice (8): Undefined index: Upload in [/Applications/MAMP/htdocs/itcrowd/views/uploads/search.ctp, line 26]
2011-04-29 17:53:39 Notice: Notice (8): Undefined index: Upload in [/Applications/MAMP/htdocs/itcrowd/views/uploads/search.ctp, line 28]
2011-04-29 17:53:39 Notice: Notice (8): Undefined index: Upload in [/Applications/MAMP/htdocs/itcrowd/views/uploads/search.ctp, line 29]
2011-04-29 17:53:39 Notice: Notice (8): Undefined index: Upload in [/Applications/MAMP/htdocs/itcrowd/views/uploads/search.ctp, line 30]
2011-04-29 17:54:05 Notice: Notice (8): Undefined index: Upload in [/Applications/MAMP/htdocs/itcrowd/views/uploads/search.ctp, line 22]
2011-04-29 17:54:05 Notice: Notice (8): Undefined index: Upload in [/Applications/MAMP/htdocs/itcrowd/views/uploads/search.ctp, line 23]
2011-04-29 17:54:05 Notice: Notice (8): Undefined index: Upload in [/Applications/MAMP/htdocs/itcrowd/views/uploads/search.ctp, line 24]
2011-04-29 17:54:05 Notice: Notice (8): Undefined index: Upload in [/Applications/MAMP/htdocs/itcrowd/views/uploads/search.ctp, line 25]
2011-04-29 17:54:05 Notice: Notice (8): Undefined index: Upload in [/Applications/MAMP/htdocs/itcrowd/views/uploads/search.ctp, line 26]
2011-04-29 17:54:05 Notice: Notice (8): Undefined index: Upload in [/Applications/MAMP/htdocs/itcrowd/views/uploads/search.ctp, line 28]
2011-04-29 17:54:05 Notice: Notice (8): Undefined index: Upload in [/Applications/MAMP/htdocs/itcrowd/views/uploads/search.ctp, line 29]
2011-04-29 17:54:05 Notice: Notice (8): Undefined index: Upload in [/Applications/MAMP/htdocs/itcrowd/views/uploads/search.ctp, line 30]
2011-04-29 17:54:26 Notice: Notice (8): Undefined index: Upload in [/Applications/MAMP/htdocs/itcrowd/views/uploads/search.ctp, line 22]
2011-04-29 17:54:26 Notice: Notice (8): Undefined index: Upload in [/Applications/MAMP/htdocs/itcrowd/views/uploads/search.ctp, line 23]
2011-04-29 17:54:26 Notice: Notice (8): Undefined index: Upload in [/Applications/MAMP/htdocs/itcrowd/views/uploads/search.ctp, line 24]
2011-04-29 17:54:26 Notice: Notice (8): Undefined index: Upload in [/Applications/MAMP/htdocs/itcrowd/views/uploads/search.ctp, line 25]
2011-04-29 17:54:26 Notice: Notice (8): Undefined index: Upload in [/Applications/MAMP/htdocs/itcrowd/views/uploads/search.ctp, line 27]
2011-04-29 17:54:26 Notice: Notice (8): Undefined index: Upload in [/Applications/MAMP/htdocs/itcrowd/views/uploads/search.ctp, line 28]
2011-04-29 17:54:26 Notice: Notice (8): Undefined index: Upload in [/Applications/MAMP/htdocs/itcrowd/views/uploads/search.ctp, line 29]
2011-04-29 17:55:01 Notice: Notice (8): Undefined index: Upload in [/Applications/MAMP/htdocs/itcrowd/views/uploads/search.ctp, line 21]
2011-04-29 17:55:01 Notice: Notice (8): Undefined index: Upload in [/Applications/MAMP/htdocs/itcrowd/views/uploads/search.ctp, line 22]
2011-04-29 17:55:01 Notice: Notice (8): Undefined index: Upload in [/Applications/MAMP/htdocs/itcrowd/views/uploads/search.ctp, line 23]
2011-04-29 17:55:01 Notice: Notice (8): Undefined index: Upload in [/Applications/MAMP/htdocs/itcrowd/views/uploads/search.ctp, line 24]
2011-04-29 17:55:01 Notice: Notice (8): Undefined index: Upload in [/Applications/MAMP/htdocs/itcrowd/views/uploads/search.ctp, line 25]
2011-04-29 17:55:01 Notice: Notice (8): Undefined index: Upload in [/Applications/MAMP/htdocs/itcrowd/views/uploads/search.ctp, line 27]
2011-04-29 17:55:01 Notice: Notice (8): Undefined index: Upload in [/Applications/MAMP/htdocs/itcrowd/views/uploads/search.ctp, line 28]
2011-04-29 17:55:01 Notice: Notice (8): Undefined index: Upload in [/Applications/MAMP/htdocs/itcrowd/views/uploads/search.ctp, line 29]
2011-04-29 17:55:28 Notice: Notice (8): Undefined variable: uploads in [/Applications/MAMP/htdocs/itcrowd/views/uploads/search.ctp, line 14]
2011-04-29 17:55:35 Notice: Notice (8): Undefined variable: upload in [/Applications/MAMP/htdocs/itcrowd/views/uploads/search.ctp, line 14]
2011-04-29 17:56:45 Notice: Notice (8): Undefined index: Upload in [/Applications/MAMP/htdocs/itcrowd/views/uploads/search.ctp, line 21]
2011-04-29 17:56:45 Notice: Notice (8): Undefined index: Upload in [/Applications/MAMP/htdocs/itcrowd/views/uploads/search.ctp, line 22]
2011-04-29 17:56:45 Notice: Notice (8): Undefined index: Upload in [/Applications/MAMP/htdocs/itcrowd/views/uploads/search.ctp, line 23]
2011-04-29 17:56:45 Notice: Notice (8): Undefined index: Upload in [/Applications/MAMP/htdocs/itcrowd/views/uploads/search.ctp, line 24]
2011-04-29 17:56:45 Notice: Notice (8): Undefined index: Upload in [/Applications/MAMP/htdocs/itcrowd/views/uploads/search.ctp, line 25]
2011-04-29 17:56:45 Notice: Notice (8): Undefined index: Upload in [/Applications/MAMP/htdocs/itcrowd/views/uploads/search.ctp, line 27]
2011-04-29 17:56:45 Notice: Notice (8): Undefined index: Upload in [/Applications/MAMP/htdocs/itcrowd/views/uploads/search.ctp, line 28]
2011-04-29 17:56:45 Notice: Notice (8): Undefined index: Upload in [/Applications/MAMP/htdocs/itcrowd/views/uploads/search.ctp, line 29]
2011-04-29 18:01:04 Notice: Notice (8): Undefined property: View::$Paginator in [/Applications/MAMP/htdocs/itcrowd/views/uploads/search.ctp, line 5]
2011-04-29 18:01:18 Notice: Notice (8): Undefined property: View::$Paginator in [/Applications/MAMP/htdocs/itcrowd/views/uploads/search.ctp, line 5]
2011-04-29 18:02:04 Notice: Notice (8): Undefined property: View::$Paginator in [/Applications/MAMP/htdocs/itcrowd/views/uploads/search.ctp, line 5]
2011-04-29 18:02:22 Notice: Notice (8): Undefined property: View::$Paginator in [/Applications/MAMP/htdocs/itcrowd/views/uploads/search.ctp, line 5]
2011-04-29 18:05:02 Notice: Notice (8): Undefined property: View::$Paginator in [/Applications/MAMP/htdocs/itcrowd/views/uploads/search.ctp, line 5]
2011-04-29 18:05:05 Notice: Notice (8): Undefined property: View::$Paginator in [/Applications/MAMP/htdocs/itcrowd/views/uploads/search.ctp, line 5]
2011-04-29 18:05:06 Notice: Notice (8): Undefined property: View::$Paginator in [/Applications/MAMP/htdocs/itcrowd/views/uploads/search.ctp, line 5]
2011-04-29 18:07:30 Notice: Notice (8): Undefined property: View::$Paginator in [/Applications/MAMP/htdocs/itcrowd/views/uploads/search.ctp, line 5]
2011-04-29 18:07:32 Notice: Notice (8): Undefined property: View::$Paginator in [/Applications/MAMP/htdocs/itcrowd/views/uploads/search.ctp, line 5]
2011-04-29 18:07:41 Notice: Notice (8): Undefined property: View::$Paginator in [/Applications/MAMP/htdocs/itcrowd/views/uploads/search.ctp, line 5]
2011-04-29 18:11:25 Notice: Notice (8): Undefined property: View::$Paginator in [/Applications/MAMP/htdocs/itcrowd/views/uploads/search.ctp, line 5]
2011-04-29 18:11:29 Notice: Notice (8): Undefined variable: upload in [/Applications/MAMP/htdocs/itcrowd/views/layouts/default.ctp, line 51]
2011-04-29 18:11:29 Notice: Notice (8): Undefined variable: upload in [/Applications/MAMP/htdocs/itcrowd/views/layouts/default.ctp, line 53]
2011-04-29 18:11:39 Notice: Notice (8): Undefined variable: upload in [/Applications/MAMP/htdocs/itcrowd/views/layouts/default.ctp, line 53]
2011-04-29 18:12:07 Notice: Notice (8): Undefined variable: var in [/Applications/MAMP/htdocs/basic/cake/basics.php, line 356]
2011-04-29 18:12:07 Notice: Notice (8): Undefined variable: upload in [/Applications/MAMP/htdocs/itcrowd/views/layouts/default.ctp, line 53]
2011-04-29 18:12:54 Notice: Notice (8): Undefined variable: upload in [/Applications/MAMP/htdocs/itcrowd/views/layouts/default.ctp, line 43]
2011-04-29 18:12:54 Notice: Notice (8): Undefined variable: var in [/Applications/MAMP/htdocs/basic/cake/basics.php, line 356]
2011-04-29 18:12:54 Notice: Notice (8): Undefined variable: upload in [/Applications/MAMP/htdocs/itcrowd/views/layouts/default.ctp, line 53]
2011-04-29 18:13:00 Notice: Notice (8): Undefined index: Upload in [/Applications/MAMP/htdocs/itcrowd/views/layouts/default.ctp, line 43]
2011-04-29 18:13:00 Notice: Notice (8): Undefined variable: var in [/Applications/MAMP/htdocs/basic/cake/basics.php, line 356]
2011-04-29 18:13:00 Notice: Notice (8): Undefined variable: upload in [/Applications/MAMP/htdocs/itcrowd/views/layouts/default.ctp, line 53]
2011-04-29 18:13:08 Notice: Notice (8): Undefined index: uploads in [/Applications/MAMP/htdocs/itcrowd/views/layouts/default.ctp, line 43]
2011-04-29 18:13:08 Notice: Notice (8): Undefined variable: var in [/Applications/MAMP/htdocs/basic/cake/basics.php, line 356]
2011-04-29 18:13:08 Notice: Notice (8): Undefined variable: upload in [/Applications/MAMP/htdocs/itcrowd/views/layouts/default.ctp, line 53]
2011-04-29 18:13:18 Notice: Notice (8): Undefined index: uploads in [/Applications/MAMP/htdocs/itcrowd/views/layouts/default.ctp, line 43]
2011-04-29 18:13:18 Notice: Notice (8): Undefined variable: upload in [/Applications/MAMP/htdocs/itcrowd/views/layouts/default.ctp, line 53]
2011-04-29 18:14:22 Notice: Notice (8): Undefined index: Upload in [/Applications/MAMP/htdocs/itcrowd/views/layouts/default.ctp, line 43]
2011-04-29 18:14:22 Notice: Notice (8): Undefined variable: upload in [/Applications/MAMP/htdocs/itcrowd/views/layouts/default.ctp, line 53]
2011-04-29 18:15:26 Notice: Notice (8): Undefined variable: upload in [/Applications/MAMP/htdocs/itcrowd/views/layouts/default.ctp, line 53]
2011-04-29 18:15:53 Notice: Notice (8): Undefined variable: upload in [/Applications/MAMP/htdocs/itcrowd/views/layouts/default.ctp, line 51]
2011-04-29 18:16:12 Notice: Notice (8): Undefined property: View::$Paginator in [/Applications/MAMP/htdocs/itcrowd/views/uploads/search.ctp, line 5]
2011-04-29 18:17:54 Notice: Notice (8): Undefined property: View::$Paginator in [/Applications/MAMP/htdocs/itcrowd/views/uploads/search.ctp, line 5]
2011-04-29 18:18:34 Notice: Notice (8): Undefined property: View::$Paginator in [/Applications/MAMP/htdocs/itcrowd/views/uploads/search.ctp, line 5]
2011-04-29 18:18:36 Notice: Notice (8): Undefined property: View::$Paginator in [/Applications/MAMP/htdocs/itcrowd/views/uploads/search.ctp, line 5]
2011-04-29 18:19:03 Notice: Notice (8): Undefined property: View::$Paginator in [/Applications/MAMP/htdocs/itcrowd/views/uploads/search.ctp, line 5]
2011-04-29 18:19:50 Notice: Notice (8): Undefined property: View::$Paginator in [/Applications/MAMP/htdocs/itcrowd/views/uploads/search.ctp, line 5]
2011-04-29 18:20:04 Notice: Notice (8): Undefined property: View::$Paginator in [/Applications/MAMP/htdocs/itcrowd/views/uploads/search.ctp, line 5]
2011-04-29 18:20:11 Notice: Notice (8): Undefined property: View::$Paginator in [/Applications/MAMP/htdocs/itcrowd/views/uploads/search.ctp, line 5]
2011-04-29 18:20:13 Notice: Notice (8): Undefined property: View::$Paginator in [/Applications/MAMP/htdocs/itcrowd/views/uploads/search.ctp, line 5]
2011-05-03 08:23:05 Notice: Notice (8): Undefined index:  Upload in [/home/content/38/7729538/html/itcrowd/app/views/uploads/index.ctp, line 39]
2011-05-03 08:23:19 Notice: Notice (8): Undefined index:  Upload in [/home/content/38/7729538/html/itcrowd/app/views/uploads/index.ctp, line 39]
2011-05-03 08:25:20 Notice: Notice (8): Undefined index:  Upload in [/home/content/38/7729538/html/itcrowd/app/views/uploads/index.ctp, line 39]
2011-05-03 08:25:45 Notice: Notice (8): Undefined index:  Upload in [/home/content/38/7729538/html/itcrowd/app/views/uploads/index.ctp, line 39]
2011-05-03 08:27:51 Notice: Notice (8): Undefined index:  Upload in [/home/content/38/7729538/html/itcrowd/app/views/uploads/index.ctp, line 39]
2011-05-03 08:31:02 Notice: Notice (8): Undefined index:  Upload in [/home/content/38/7729538/html/itcrowd/app/views/uploads/index.ctp, line 39]
2011-05-03 08:32:27 Notice: Notice (8): Undefined index:  Upload in [/home/content/38/7729538/html/itcrowd/app/views/uploads/index.ctp, line 39]
2011-05-03 08:35:41 Notice: Notice (8): Undefined index:  Upload in [/home/content/38/7729538/html/itcrowd/app/views/uploads/index.ctp, line 39]
2011-05-03 08:32:00 Notice: Notice (8): Undefined index:  Upload in [/home/content/38/7729538/html/itcrowd/app/views/uploads/index.ctp, line 39]
2011-05-03 08:36:06 Notice: Notice (8): Undefined index:  Upload in [/home/content/38/7729538/html/itcrowd/app/views/uploads/index.ctp, line 39]
2011-05-03 08:34:31 Notice: Notice (8): Undefined index:  Upload in [/home/content/38/7729538/html/itcrowd/app/views/uploads/index.ctp, line 39]
2011-05-03 08:34:53 Notice: Notice (8): Undefined index:  Upload in [/home/content/38/7729538/html/itcrowd/app/views/uploads/index.ctp, line 39]
2011-05-03 08:35:22 Notice: Notice (8): Undefined index:  Upload in [/home/content/38/7729538/html/itcrowd/app/views/uploads/index.ctp, line 39]
2011-05-03 08:51:10 Notice: Notice (8): Undefined index:  fileToUpload in [/home/content/38/7729538/html/itcrowd/app/controllers/uploads_controller.php, line 32]
