2011-04-20 13:44:15 Warning: Warning (512): <span style="color:Red;text-align:left"><b>SQL Error:</b> 1048: Column 'size' cannot be null</span> in [/Applications/MAMP/htdocs/basic/cake/libs/model/datasources/dbo_source.php, line 684]
2011-04-20 13:45:45 Warning: Warning (512): <span style="color:Red;text-align:left"><b>SQL Error:</b> 1048: Column 'size' cannot be null</span> in [/Applications/MAMP/htdocs/basic/cake/libs/model/datasources/dbo_source.php, line 684]
2011-04-20 13:48:08 Warning: Warning (512): <span style="color:Red;text-align:left"><b>SQL Error:</b> 1048: Column 'size' cannot be null</span> in [/Applications/MAMP/htdocs/basic/cake/libs/model/datasources/dbo_source.php, line 684]
2011-04-20 13:49:46 Warning: Warning (512): <span style="color:Red;text-align:left"><b>SQL Error:</b> 1048: Column 'size' cannot be null</span> in [/Applications/MAMP/htdocs/basic/cake/libs/model/datasources/dbo_source.php, line 684]
2011-04-20 14:03:46 Warning: Warning (512): <span style="color:Red;text-align:left"><b>SQL Error:</b> 1048: Column 'size' cannot be null</span> in [/Applications/MAMP/htdocs/basic/cake/libs/model/datasources/dbo_source.php, line 684]
2011-04-20 14:04:42 Warning: Warning (512): <span style="color:Red;text-align:left"><b>SQL Error:</b> 1048: Column 'size' cannot be null</span> in [/Applications/MAMP/htdocs/basic/cake/libs/model/datasources/dbo_source.php, line 684]
2011-04-20 17:09:29 Warning: Warning (512): <span style="color:Red;text-align:left"><b>SQL Error:</b> 1048: Column 'size' cannot be null</span> in [/Applications/MAMP/htdocs/basic/cake/libs/model/datasources/dbo_source.php, line 684]
2011-04-20 17:10:20 Warning: Warning (512): <span style="color:Red;text-align:left"><b>SQL Error:</b> 1048: Column 'size' cannot be null</span> in [/Applications/MAMP/htdocs/basic/cake/libs/model/datasources/dbo_source.php, line 684]
2011-04-20 17:22:39 Warning: Warning (512): <span style="color:Red;text-align:left"><b>SQL Error:</b> 1048: Column 'size' cannot be null</span> in [/Applications/MAMP/htdocs/basic/cake/libs/model/datasources/dbo_source.php, line 684]
2011-04-20 17:23:46 Warning: Warning (512): <span style="color:Red;text-align:left"><b>SQL Error:</b> 1048: Column 'size' cannot be null</span> in [/Applications/MAMP/htdocs/basic/cake/libs/model/datasources/dbo_source.php, line 684]
2011-04-20 17:26:25 Warning: Warning (512): <span style="color:Red;text-align:left"><b>SQL Error:</b> 1064: You have an error in your SQL syntax; check the manual that corresponds to your MySQL server version for the right syntax to use near 'uploader' at line 1</span> in [/Applications/MAMP/htdocs/basic/cake/libs/model/datasources/dbo_source.php, line 684]
2011-04-20 17:26:25 Warning: Warning (2): Cannot modify header information - headers already sent by (output started at /Applications/MAMP/htdocs/itcrowd/controllers/uploads_controller.php:23) in [/Applications/MAMP/htdocs/basic/cake/libs/controller/controller.php, line 742]
2011-04-20 17:27:19 Warning: Warning (512): <span style="color:Red;text-align:left"><b>SQL Error:</b> 1064: You have an error in your SQL syntax; check the manual that corresponds to your MySQL server version for the right syntax to use near 'uploader' at line 1</span> in [/Applications/MAMP/htdocs/basic/cake/libs/model/datasources/dbo_source.php, line 684]
2011-04-20 17:27:19 Warning: Warning (2): Cannot modify header information - headers already sent by (output started at /Applications/MAMP/htdocs/itcrowd/controllers/uploads_controller.php:23) in [/Applications/MAMP/htdocs/basic/cake/libs/controller/controller.php, line 742]
2011-04-20 17:30:30 Warning: Warning (512): <span style="color:Red;text-align:left"><b>SQL Error:</b> 1064: You have an error in your SQL syntax; check the manual that corresponds to your MySQL server version for the right syntax to use near 'uploader' at line 1</span> in [/Applications/MAMP/htdocs/basic/cake/libs/model/datasources/dbo_source.php, line 684]
2011-04-20 17:30:30 Warning: Warning (2): Cannot modify header information - headers already sent by (output started at /Applications/MAMP/htdocs/itcrowd/controllers/uploads_controller.php:23) in [/Applications/MAMP/htdocs/basic/cake/libs/controller/controller.php, line 742]
2011-04-20 17:32:58 Warning: Warning (512): <span style="color:Red;text-align:left"><b>SQL Error:</b> 1064: You have an error in your SQL syntax; check the manual that corresponds to your MySQL server version for the right syntax to use near 'uploader' at line 1</span> in [/Applications/MAMP/htdocs/basic/cake/libs/model/datasources/dbo_source.php, line 684]
2011-04-20 17:32:58 Warning: Warning (2): Cannot modify header information - headers already sent by (output started at /Applications/MAMP/htdocs/itcrowd/controllers/uploads_controller.php:22) in [/Applications/MAMP/htdocs/basic/cake/libs/controller/controller.php, line 742]
2011-04-20 17:37:26 Warning: Warning (512): <span style="color:Red;text-align:left"><b>SQL Error:</b> 1048: Column 'size' cannot be null</span> in [/Applications/MAMP/htdocs/basic/cake/libs/model/datasources/dbo_source.php, line 684]
2011-04-20 17:38:00 Warning: Warning (512): <span style="color:Red;text-align:left"><b>SQL Error:</b> 1064: You have an error in your SQL syntax; check the manual that corresponds to your MySQL server version for the right syntax to use near 'uploader' at line 1</span> in [/Applications/MAMP/htdocs/basic/cake/libs/model/datasources/dbo_source.php, line 684]
2011-04-20 17:38:00 Warning: Warning (2): Cannot modify header information - headers already sent by (output started at /Applications/MAMP/htdocs/itcrowd/controllers/uploads_controller.php:22) in [/Applications/MAMP/htdocs/basic/cake/libs/controller/controller.php, line 742]
2011-04-20 17:38:44 Warning: Warning (512): <span style="color:Red;text-align:left"><b>SQL Error:</b> 1064: You have an error in your SQL syntax; check the manual that corresponds to your MySQL server version for the right syntax to use near 'uploader' at line 1</span> in [/Applications/MAMP/htdocs/basic/cake/libs/model/datasources/dbo_source.php, line 684]
2011-04-20 17:38:44 Warning: Warning (2): Cannot modify header information - headers already sent by (output started at /Applications/MAMP/htdocs/itcrowd/controllers/uploads_controller.php:22) in [/Applications/MAMP/htdocs/basic/cake/libs/controller/controller.php, line 742]
2011-04-20 17:39:38 Warning: Warning (2): Cannot modify header information - headers already sent by (output started at /Applications/MAMP/htdocs/itcrowd/controllers/uploads_controller.php:22) in [/Applications/MAMP/htdocs/basic/cake/libs/controller/controller.php, line 742]
2011-04-20 19:12:14 Warning: Warning (512): <span style="color:Red;text-align:left"><b>SQL Error:</b> 1064: You have an error in your SQL syntax; check the manual that corresponds to your MySQL server version for the right syntax to use near 'uploader' at line 1</span> in [/Applications/MAMP/htdocs/basic/cake/libs/model/datasources/dbo_source.php, line 684]
2011-04-20 19:12:14 Warning: Warning (2): Cannot modify header information - headers already sent by (output started at /Applications/MAMP/htdocs/basic/cake/libs/debugger.php:673) in [/Applications/MAMP/htdocs/basic/cake/libs/controller/controller.php, line 742]
2011-04-20 19:12:49 Warning: Warning (512): <span style="color:Red;text-align:left"><b>SQL Error:</b> 1064: You have an error in your SQL syntax; check the manual that corresponds to your MySQL server version for the right syntax to use near 'uploader' at line 1</span> in [/Applications/MAMP/htdocs/basic/cake/libs/model/datasources/dbo_source.php, line 684]
2011-04-20 19:12:49 Warning: Warning (2): Cannot modify header information - headers already sent by (output started at /Applications/MAMP/htdocs/basic/cake/libs/debugger.php:673) in [/Applications/MAMP/htdocs/basic/cake/libs/controller/controller.php, line 742]
2011-04-20 19:16:01 Warning: Warning (512): <span style="color:Red;text-align:left"><b>SQL Error:</b> 1064: You have an error in your SQL syntax; check the manual that corresponds to your MySQL server version for the right syntax to use near 'uploader' at line 1</span> in [/Applications/MAMP/htdocs/basic/cake/libs/model/datasources/dbo_source.php, line 684]
2011-04-20 19:16:01 Warning: Warning (2): Cannot modify header information - headers already sent by (output started at /Applications/MAMP/htdocs/basic/cake/libs/debugger.php:673) in [/Applications/MAMP/htdocs/basic/cake/libs/controller/controller.php, line 742]
2011-04-20 19:16:38 Warning: Warning (2): move_uploaded_file(uploads/About Stacks.pdf) [<a href='http://php.net/function.move-uploaded-file'>function.move-uploaded-file</a>]: failed to open stream: No such file or directory in [/Applications/MAMP/htdocs/itcrowd/controllers/components/uploader.php, line 13]
2011-04-20 19:16:38 Warning: Warning (2): move_uploaded_file() [<a href='http://php.net/function.move-uploaded-file'>function.move-uploaded-file</a>]: Unable to move '/Applications/MAMP/tmp/php/phpjnto7x' to 'uploads/About Stacks.pdf' in [/Applications/MAMP/htdocs/itcrowd/controllers/components/uploader.php, line 13]
2011-04-20 19:16:38 Warning: Warning (2): Cannot modify header information - headers already sent by (output started at /Applications/MAMP/htdocs/itcrowd/controllers/components/uploader.php:10) in [/Applications/MAMP/htdocs/basic/cake/libs/controller/controller.php, line 742]
2011-04-20 19:18:08 Warning: Warning (2): move_uploaded_file(uploads/About Stacks.pdf) [<a href='http://php.net/function.move-uploaded-file'>function.move-uploaded-file</a>]: failed to open stream: No such file or directory in [/Applications/MAMP/htdocs/itcrowd/controllers/components/uploader.php, line 13]
2011-04-20 19:18:08 Warning: Warning (2): move_uploaded_file() [<a href='http://php.net/function.move-uploaded-file'>function.move-uploaded-file</a>]: Unable to move '/Applications/MAMP/tmp/php/php29ca51' to 'uploads/About Stacks.pdf' in [/Applications/MAMP/htdocs/itcrowd/controllers/components/uploader.php, line 13]
2011-04-20 19:18:08 Warning: Warning (2): Cannot modify header information - headers already sent by (output started at /Applications/MAMP/htdocs/itcrowd/controllers/components/uploader.php:10) in [/Applications/MAMP/htdocs/basic/cake/libs/controller/controller.php, line 742]
2011-04-20 19:18:50 Warning: Warning (2): Cannot modify header information - headers already sent by (output started at /Applications/MAMP/htdocs/itcrowd/controllers/components/uploader.php:10) in [/Applications/MAMP/htdocs/basic/cake/libs/controller/controller.php, line 742]
2011-04-20 19:19:22 Warning: Warning (2): Cannot modify header information - headers already sent by (output started at /Applications/MAMP/htdocs/itcrowd/controllers/components/uploader.php:10) in [/Applications/MAMP/htdocs/basic/cake/libs/controller/controller.php, line 742]
2011-04-20 19:23:19 Warning: Warning (2): Cannot modify header information - headers already sent by (output started at /Applications/MAMP/htdocs/itcrowd/controllers/components/uploader.php:10) in [/Applications/MAMP/htdocs/basic/cake/libs/controller/controller.php, line 742]
2011-04-20 19:24:32 Warning: Warning (2): Cannot modify header information - headers already sent by (output started at /Applications/MAMP/htdocs/itcrowd/controllers/components/uploader.php:9) in [/Applications/MAMP/htdocs/basic/cake/libs/controller/controller.php, line 742]
2011-04-20 19:24:57 Warning: Warning (2): Cannot modify header information - headers already sent by (output started at /Applications/MAMP/htdocs/itcrowd/controllers/components/uploader.php:9) in [/Applications/MAMP/htdocs/basic/cake/libs/controller/controller.php, line 742]
2011-04-27 11:03:25 Warning: Warning (2): Cannot modify header information - headers already sent by (output started at /Applications/MAMP/htdocs/itcrowd/controllers/uploads_controller.php:23) in [/Applications/MAMP/htdocs/basic/cake/libs/controller/controller.php, line 742]
2011-04-27 11:15:23 Warning: Warning (2): Cannot modify header information - headers already sent by (output started at /Applications/MAMP/htdocs/itcrowd/controllers/uploads_controller.php:23) in [/Applications/MAMP/htdocs/basic/cake/libs/controller/controller.php, line 742]
2011-04-27 11:17:39 Warning: Warning (2): Cannot modify header information - headers already sent by (output started at /Applications/MAMP/htdocs/itcrowd/controllers/uploads_controller.php:24) in [/Applications/MAMP/htdocs/basic/cake/libs/controller/controller.php, line 742]
2011-04-27 11:28:52 Warning: Warning (2): Cannot modify header information - headers already sent by (output started at /Applications/MAMP/htdocs/itcrowd/controllers/uploads_controller.php:24) in [/Applications/MAMP/htdocs/basic/cake/libs/controller/controller.php, line 742]
2011-04-27 15:56:28 Warning: Warning (2): Cannot modify header information - headers already sent by (output started at /Applications/MAMP/htdocs/itcrowd/controllers/uploads_controller.php:24) in [/Applications/MAMP/htdocs/basic/cake/libs/controller/controller.php, line 742]
2011-04-28 16:10:14 Warning: Warning (512): <span style="color:Red;text-align:left"><b>SQL Error:</b> 1048: Column 'upload_id' cannot be null</span> in [/Applications/MAMP/htdocs/basic/cake/libs/model/datasources/dbo_source.php, line 684]
2011-04-28 16:10:45 Warning: Warning (512): <span style="color:Red;text-align:left"><b>SQL Error:</b> 1048: Column 'upload_id' cannot be null</span> in [/Applications/MAMP/htdocs/basic/cake/libs/model/datasources/dbo_source.php, line 684]
2011-04-28 16:11:07 Warning: Warning (512): <span style="color:Red;text-align:left"><b>SQL Error:</b> 1048: Column 'upload_id' cannot be null</span> in [/Applications/MAMP/htdocs/basic/cake/libs/model/datasources/dbo_source.php, line 684]
2011-04-28 23:07:50 Warning: Warning (2): array_merge() [<a href='http://php.net/function.array-merge'>function.array-merge</a>]: Argument #1 is not an array in [/Applications/MAMP/htdocs/basic/cake/libs/view/helpers/form.php, line 1214]
2011-04-28 23:08:44 Warning: Warning (2): array_merge() [<a href='http://php.net/function.array-merge'>function.array-merge</a>]: Argument #1 is not an array in [/Applications/MAMP/htdocs/basic/cake/libs/view/helpers/form.php, line 1214]
2011-04-28 23:09:40 Warning: Warning (2): array_merge() [<a href='http://php.net/function.array-merge'>function.array-merge</a>]: Argument #1 is not an array in [/Applications/MAMP/htdocs/basic/cake/libs/view/helpers/form.php, line 1214]
2011-04-29 14:53:45 Warning: Warning (2): array_merge() [<a href='http://php.net/function.array-merge'>function.array-merge</a>]: Argument #1 is not an array in [/Applications/MAMP/htdocs/basic/cake/libs/view/helpers/paginator.php, line 194]
2011-04-29 14:53:45 Warning: Warning (2): array_merge() [<a href='http://php.net/function.array-merge'>function.array-merge</a>]: Argument #1 is not an array in [/Applications/MAMP/htdocs/basic/cake/libs/view/helpers/paginator.php, line 378]
2011-04-29 14:53:45 Warning: Warning (2): Invalid argument supplied for foreach() in [/Applications/MAMP/htdocs/itcrowd/views/pages/index.ctp, line 14]
2011-04-29 15:45:01 Warning: Warning (512): <span style="color:Red;text-align:left"><b>SQL Error:</b> 1054: Unknown column 'conditions' in 'where clause'</span> in [/Applications/MAMP/htdocs/basic/cake/libs/model/datasources/dbo_source.php, line 684]
2011-04-29 15:45:01 Warning: Warning (2): Invalid argument supplied for foreach() in [/Applications/MAMP/htdocs/itcrowd/views/uploads/search.ctp, line 14]
2011-04-29 15:45:54 Warning: Warning (512): <span style="color:Red;text-align:left"><b>SQL Error:</b> 1054: Unknown column 'conditions' in 'where clause'</span> in [/Applications/MAMP/htdocs/basic/cake/libs/model/datasources/dbo_source.php, line 684]
2011-04-29 15:45:54 Warning: Warning (2): Invalid argument supplied for foreach() in [/Applications/MAMP/htdocs/itcrowd/views/uploads/search.ctp, line 14]
2011-04-29 15:48:33 Warning: Warning (2): Invalid argument supplied for foreach() in [/Applications/MAMP/htdocs/itcrowd/views/uploads/search.ctp, line 14]
2011-04-29 15:49:46 Warning: Warning (512): <span style="color:Red;text-align:left"><b>SQL Error:</b> 1054: Unknown column 'Upload' in 'where clause'</span> in [/Applications/MAMP/htdocs/basic/cake/libs/model/datasources/dbo_source.php, line 684]
2011-04-29 17:13:25 Warning: Warning (512): <span style="color:Red;text-align:left"><b>SQL Error:</b> 1054: Unknown column 'uploads' in 'where clause'</span> in [/Applications/MAMP/htdocs/basic/cake/libs/model/datasources/dbo_source.php, line 684]
2011-04-29 17:13:44 Warning: Warning (512): <span style="color:Red;text-align:left"><b>SQL Error:</b> 1054: Unknown column 'uploads' in 'where clause'</span> in [/Applications/MAMP/htdocs/basic/cake/libs/model/datasources/dbo_source.php, line 684]
2011-04-29 17:13:51 Warning: Warning (512): <span style="color:Red;text-align:left"><b>SQL Error:</b> 1054: Unknown column 'uploads' in 'where clause'</span> in [/Applications/MAMP/htdocs/basic/cake/libs/model/datasources/dbo_source.php, line 684]
2011-04-29 17:14:24 Warning: Warning (512): <span style="color:Red;text-align:left"><b>SQL Error:</b> 1054: Unknown column 'uploads' in 'where clause'</span> in [/Applications/MAMP/htdocs/basic/cake/libs/model/datasources/dbo_source.php, line 684]
2011-04-29 17:14:24 Warning: Warning (2): Invalid argument supplied for foreach() in [/Applications/MAMP/htdocs/itcrowd/views/uploads/search.ctp, line 14]
2011-04-29 17:15:25 Warning: Warning (512): <span style="color:Red;text-align:left"><b>SQL Error:</b> 1054: Unknown column 'uploads' in 'where clause'</span> in [/Applications/MAMP/htdocs/basic/cake/libs/model/datasources/dbo_source.php, line 684]
2011-04-29 17:15:25 Warning: Warning (2): Invalid argument supplied for foreach() in [/Applications/MAMP/htdocs/itcrowd/views/uploads/search.ctp, line 14]
2011-04-29 17:15:52 Warning: Warning (512): <span style="color:Red;text-align:left"><b>SQL Error:</b> 1064: You have an error in your SQL syntax; check the manual that corresponds to your MySQL server version for the right syntax to use near 'SELECT * FROM uploads WHERE title LIKE '%again%'' at line 1</span> in [/Applications/MAMP/htdocs/basic/cake/libs/model/datasources/dbo_source.php, line 684]
2011-04-29 17:15:52 Warning: Warning (512): <span style="color:Red;text-align:left"><b>SQL Error:</b> 1064: You have an error in your SQL syntax; check the manual that corresponds to your MySQL server version for the right syntax to use near 'SELECT * FROM uploads WHERE title LIKE '%again%'    LIMIT 20' at line 1</span> in [/Applications/MAMP/htdocs/basic/cake/libs/model/datasources/dbo_source.php, line 684]
2011-04-29 17:15:52 Warning: Warning (2): Invalid argument supplied for foreach() in [/Applications/MAMP/htdocs/itcrowd/views/uploads/search.ctp, line 14]
2011-04-29 17:16:00 Warning: Warning (512): <span style="color:Red;text-align:left"><b>SQL Error:</b> 1054: Unknown column 'uploads' in 'where clause'</span> in [/Applications/MAMP/htdocs/basic/cake/libs/model/datasources/dbo_source.php, line 684]
2011-04-29 17:16:00 Warning: Warning (2): Invalid argument supplied for foreach() in [/Applications/MAMP/htdocs/itcrowd/views/uploads/search.ctp, line 14]
2011-04-29 17:18:30 Warning: Warning (512): <span style="color:Red;text-align:left"><b>SQL Error:</b> 1054: Unknown column 'uploads' in 'where clause'</span> in [/Applications/MAMP/htdocs/basic/cake/libs/model/datasources/dbo_source.php, line 684]
2011-04-29 17:18:30 Warning: Warning (2): Invalid argument supplied for foreach() in [/Applications/MAMP/htdocs/itcrowd/views/uploads/search.ctp, line 14]
2011-04-29 17:19:02 Warning: Warning (512): <span style="color:Red;text-align:left"><b>SQL Error:</b> 1054: Unknown column 'Upload' in 'where clause'</span> in [/Applications/MAMP/htdocs/basic/cake/libs/model/datasources/dbo_source.php, line 684]
2011-04-29 17:19:19 Warning: Warning (512): <span style="color:Red;text-align:left"><b>SQL Error:</b> 1054: Unknown column 'Upload' in 'where clause'</span> in [/Applications/MAMP/htdocs/basic/cake/libs/model/datasources/dbo_source.php, line 684]
2011-04-29 17:19:20 Warning: Warning (512): <span style="color:Red;text-align:left"><b>SQL Error:</b> 1054: Unknown column 'Upload' in 'where clause'</span> in [/Applications/MAMP/htdocs/basic/cake/libs/model/datasources/dbo_source.php, line 684]
2011-04-29 17:26:07 Warning: Warning (512): <span style="color:Red;text-align:left"><b>SQL Error:</b> 1054: Unknown column 'Upload' in 'where clause'</span> in [/Applications/MAMP/htdocs/basic/cake/libs/model/datasources/dbo_source.php, line 684]
2011-04-29 17:26:18 Warning: Warning (512): <span style="color:Red;text-align:left"><b>SQL Error:</b> 1054: Unknown column 'Upload' in 'where clause'</span> in [/Applications/MAMP/htdocs/basic/cake/libs/model/datasources/dbo_source.php, line 684]
2011-04-29 17:27:30 Warning: Warning (512): <span style="color:Red;text-align:left"><b>SQL Error:</b> 1054: Unknown column 'Upload' in 'where clause'</span> in [/Applications/MAMP/htdocs/basic/cake/libs/model/datasources/dbo_source.php, line 684]
2011-04-29 17:27:41 Warning: Warning (512): <span style="color:Red;text-align:left"><b>SQL Error:</b> 1054: Unknown column 'Upload' in 'where clause'</span> in [/Applications/MAMP/htdocs/basic/cake/libs/model/datasources/dbo_source.php, line 684]
2011-04-29 17:28:20 Warning: Warning (512): <span style="color:Red;text-align:left"><b>SQL Error:</b> 1054: Unknown column 'Upload' in 'where clause'</span> in [/Applications/MAMP/htdocs/basic/cake/libs/model/datasources/dbo_source.php, line 684]
2011-04-29 17:28:20 Warning: Warning (2): Invalid argument supplied for foreach() in [/Applications/MAMP/htdocs/itcrowd/views/uploads/search.ctp, line 14]
2011-04-29 17:28:24 Warning: Warning (512): <span style="color:Red;text-align:left"><b>SQL Error:</b> 1054: Unknown column 'Upload' in 'where clause'</span> in [/Applications/MAMP/htdocs/basic/cake/libs/model/datasources/dbo_source.php, line 684]
2011-04-29 17:28:42 Warning: Warning (512): <span style="color:Red;text-align:left"><b>SQL Error:</b> 1054: Unknown column 'Upload' in 'where clause'</span> in [/Applications/MAMP/htdocs/basic/cake/libs/model/datasources/dbo_source.php, line 684]
2011-04-29 17:30:53 Warning: Warning (512): <span style="color:Red;text-align:left"><b>SQL Error:</b> 1054: Unknown column 'Upload' in 'where clause'</span> in [/Applications/MAMP/htdocs/basic/cake/libs/model/datasources/dbo_source.php, line 684]
2011-04-29 17:31:01 Warning: Warning (512): <span style="color:Red;text-align:left"><b>SQL Error:</b> 1054: Unknown column 'Upload' in 'where clause'</span> in [/Applications/MAMP/htdocs/basic/cake/libs/model/datasources/dbo_source.php, line 684]
2011-04-29 17:31:18 Warning: Warning (512): <span style="color:Red;text-align:left"><b>SQL Error:</b> 1054: Unknown column 'Upload' in 'where clause'</span> in [/Applications/MAMP/htdocs/basic/cake/libs/model/datasources/dbo_source.php, line 684]
2011-04-29 17:32:41 Warning: Warning (512): <span style="color:Red;text-align:left"><b>SQL Error:</b> 1054: Unknown column 'Upload' in 'where clause'</span> in [/Applications/MAMP/htdocs/basic/cake/libs/model/datasources/dbo_source.php, line 684]
2011-04-29 17:33:08 Warning: Warning (512): Controller::paginate() - can't find model title in controller UploadsController in [/Applications/MAMP/htdocs/basic/cake/libs/controller/controller.php, line 1102]
2011-04-29 17:33:12 Warning: Warning (512): <span style="color:Red;text-align:left"><b>SQL Error:</b> 1054: Unknown column 'Upload' in 'where clause'</span> in [/Applications/MAMP/htdocs/basic/cake/libs/model/datasources/dbo_source.php, line 684]
2011-04-29 17:33:39 Warning: Warning (512): <span style="color:Red;text-align:left"><b>SQL Error:</b> 1054: Unknown column 'Upload' in 'where clause'</span> in [/Applications/MAMP/htdocs/basic/cake/libs/model/datasources/dbo_source.php, line 684]
2011-04-29 17:34:09 Warning: Warning (512): <span style="color:Red;text-align:left"><b>SQL Error:</b> 1054: Unknown column 'Upload' in 'where clause'</span> in [/Applications/MAMP/htdocs/basic/cake/libs/model/datasources/dbo_source.php, line 684]
2011-04-29 17:34:55 Warning: Warning (512): <span style="color:Red;text-align:left"><b>SQL Error:</b> 1054: Unknown column 'Upload' in 'where clause'</span> in [/Applications/MAMP/htdocs/basic/cake/libs/model/datasources/dbo_source.php, line 684]
2011-04-29 17:35:00 Warning: Warning (512): <span style="color:Red;text-align:left"><b>SQL Error:</b> 1054: Unknown column 'Upload' in 'where clause'</span> in [/Applications/MAMP/htdocs/basic/cake/libs/model/datasources/dbo_source.php, line 684]
2011-04-29 17:36:07 Warning: Warning (512): <span style="color:Red;text-align:left"><b>SQL Error:</b> 1054: Unknown column 'uploads' in 'where clause'</span> in [/Applications/MAMP/htdocs/basic/cake/libs/model/datasources/dbo_source.php, line 684]
2011-04-29 17:36:07 Warning: Warning (2): Invalid argument supplied for foreach() in [/Applications/MAMP/htdocs/itcrowd/views/uploads/search.ctp, line 14]
2011-04-29 17:36:14 Warning: Warning (2): Invalid argument supplied for foreach() in [/Applications/MAMP/htdocs/itcrowd/views/uploads/search.ctp, line 14]
2011-04-29 17:36:32 Warning: Warning (2): Invalid argument supplied for foreach() in [/Applications/MAMP/htdocs/itcrowd/views/uploads/search.ctp, line 14]
2011-04-29 17:36:42 Warning: Warning (2): Invalid argument supplied for foreach() in [/Applications/MAMP/htdocs/itcrowd/views/uploads/search.ctp, line 14]
2011-04-29 17:42:25 Warning: Warning (2): Invalid argument supplied for foreach() in [/Applications/MAMP/htdocs/itcrowd/views/uploads/search.ctp, line 14]
2011-04-29 17:42:33 Warning: Warning (2): Invalid argument supplied for foreach() in [/Applications/MAMP/htdocs/itcrowd/views/uploads/search.ctp, line 14]
2011-04-29 17:42:44 Warning: Warning (512): <span style="color:Red;text-align:left"><b>SQL Error:</b> 1054: Unknown column 'uploads' in 'where clause'</span> in [/Applications/MAMP/htdocs/basic/cake/libs/model/datasources/dbo_source.php, line 684]
2011-04-29 17:42:44 Warning: Warning (2): Invalid argument supplied for foreach() in [/Applications/MAMP/htdocs/itcrowd/views/uploads/search.ctp, line 14]
2011-04-29 17:44:48 Warning: Warning (512): <span style="color:Red;text-align:left"><b>SQL Error:</b> 1054: Unknown column 'uploads' in 'where clause'</span> in [/Applications/MAMP/htdocs/basic/cake/libs/model/datasources/dbo_source.php, line 684]
2011-04-29 17:45:31 Warning: Warning (2): Invalid argument supplied for foreach() in [/Applications/MAMP/htdocs/itcrowd/views/uploads/search.ctp, line 14]
2011-04-29 17:46:09 Warning: Warning (2): Invalid argument supplied for foreach() in [/Applications/MAMP/htdocs/itcrowd/views/uploads/search.ctp, line 14]
2011-04-29 17:46:23 Warning: Warning (2): Invalid argument supplied for foreach() in [/Applications/MAMP/htdocs/itcrowd/views/uploads/search.ctp, line 14]
2011-04-29 17:47:00 Warning: Warning (2): Invalid argument supplied for foreach() in [/Applications/MAMP/htdocs/itcrowd/views/uploads/search.ctp, line 14]
2011-04-29 17:47:01 Warning: Warning (2): Invalid argument supplied for foreach() in [/Applications/MAMP/htdocs/itcrowd/views/uploads/search.ctp, line 14]
2011-04-29 17:47:04 Warning: Warning (2): Invalid argument supplied for foreach() in [/Applications/MAMP/htdocs/itcrowd/views/uploads/search.ctp, line 14]
2011-04-29 17:47:20 Warning: Warning (2): Invalid argument supplied for foreach() in [/Applications/MAMP/htdocs/itcrowd/views/uploads/search.ctp, line 14]
2011-04-29 17:47:21 Warning: Warning (2): Invalid argument supplied for foreach() in [/Applications/MAMP/htdocs/itcrowd/views/uploads/search.ctp, line 14]
2011-04-29 17:47:21 Warning: Warning (2): Invalid argument supplied for foreach() in [/Applications/MAMP/htdocs/itcrowd/views/uploads/search.ctp, line 14]
2011-04-29 17:47:31 Warning: Warning (2): Invalid argument supplied for foreach() in [/Applications/MAMP/htdocs/itcrowd/views/uploads/search.ctp, line 14]
2011-04-29 17:47:38 Warning: Warning (2): Invalid argument supplied for foreach() in [/Applications/MAMP/htdocs/itcrowd/views/uploads/search.ctp, line 14]
2011-04-29 17:51:14 Warning: Warning (2): Invalid argument supplied for foreach() in [/Applications/MAMP/htdocs/itcrowd/views/uploads/search.ctp, line 14]
2011-04-29 17:51:44 Warning: Warning (2): Invalid argument supplied for foreach() in [/Applications/MAMP/htdocs/itcrowd/views/uploads/search.ctp, line 14]
2011-04-29 17:52:01 Warning: Warning (2): Invalid argument supplied for foreach() in [/Applications/MAMP/htdocs/itcrowd/views/uploads/search.ctp, line 14]
2011-04-29 17:52:21 Warning: Warning (2): Invalid argument supplied for foreach() in [/Applications/MAMP/htdocs/itcrowd/views/uploads/search.ctp, line 14]
2011-04-29 17:52:21 Warning: Warning (2): Invalid argument supplied for foreach() in [/Applications/MAMP/htdocs/itcrowd/views/uploads/search.ctp, line 14]
2011-04-29 17:52:36 Warning: Warning (2): Invalid argument supplied for foreach() in [/Applications/MAMP/htdocs/itcrowd/views/uploads/search.ctp, line 14]
2011-04-29 17:53:04 Warning: Warning (2): Invalid argument supplied for foreach() in [/Applications/MAMP/htdocs/itcrowd/views/uploads/search.ctp, line 14]
2011-04-29 17:53:04 Warning: Warning (2): Invalid argument supplied for foreach() in [/Applications/MAMP/htdocs/itcrowd/views/uploads/search.ctp, line 14]
2011-04-29 17:53:27 Warning: Warning (2): Invalid argument supplied for foreach() in [/Applications/MAMP/htdocs/itcrowd/views/uploads/search.ctp, line 15]
2011-04-29 17:54:55 Warning: Warning (512): <span style="color:Red;text-align:left"><b>SQL Error:</b> 1146: Table 'itcrowd.upload' doesn't exist</span> in [/Applications/MAMP/htdocs/basic/cake/libs/model/datasources/dbo_source.php, line 684]
2011-04-29 17:54:55 Warning: Warning (2): Invalid argument supplied for foreach() in [/Applications/MAMP/htdocs/itcrowd/views/uploads/search.ctp, line 14]
2011-04-29 17:55:28 Warning: Warning (2): Invalid argument supplied for foreach() in [/Applications/MAMP/htdocs/itcrowd/views/uploads/search.ctp, line 14]
2011-04-29 17:55:35 Warning: Warning (2): Invalid argument supplied for foreach() in [/Applications/MAMP/htdocs/itcrowd/views/uploads/search.ctp, line 14]
2011-04-29 18:12:07 Warning: Warning (2): Missing argument 1 for pr(), called in /Applications/MAMP/htdocs/itcrowd/views/layouts/default.ctp on line 51 and defined in [/Applications/MAMP/htdocs/basic/cake/basics.php, line 353]
2011-04-29 18:12:54 Warning: Warning (2): Missing argument 1 for pr(), called in /Applications/MAMP/htdocs/itcrowd/views/layouts/default.ctp on line 51 and defined in [/Applications/MAMP/htdocs/basic/cake/basics.php, line 353]
2011-04-29 18:13:00 Warning: Warning (2): Missing argument 1 for pr(), called in /Applications/MAMP/htdocs/itcrowd/views/layouts/default.ctp on line 51 and defined in [/Applications/MAMP/htdocs/basic/cake/basics.php, line 353]
2011-04-29 18:13:08 Warning: Warning (2): Missing argument 1 for pr(), called in /Applications/MAMP/htdocs/itcrowd/views/layouts/default.ctp on line 51 and defined in [/Applications/MAMP/htdocs/basic/cake/basics.php, line 353]
2011-05-03 08:51:10 Warning: Warning (2): Cannot modify header information - headers already sent by (output started at /home/content/38/7729538/html/itcrowd/cake/libs/debugger.php:673) in [/home/content/38/7729538/html/itcrowd/cake/libs/controller/controller.php, line 742]
